d:\cocos2dx\slotgame\cocos2d\cocos\2d\debug.win32\assetsmanager.obj
d:\cocos2dx\slotgame\cocos2d\cocos\2d\debug.win32\downloader.obj
d:\cocos2dx\slotgame\cocos2d\cocos\2d\debug.win32\cccontrolutils.obj
d:\cocos2dx\slotgame\cocos2d\cocos\2d\debug.win32\cctableview.obj
d:\cocos2dx\slotgame\cocos2d\cocos\2d\debug.win32\convertutf.obj
d:\cocos2dx\slotgame\cocos2d\cocos\2d\debug.win32\edtaa3func.obj
d:\cocos2dx\slotgame\cocos2d\cocos\2d\debug.win32\flatc.obj
d:\cocos2dx\slotgame\cocos2d\cocos\2d\debug.win32\idl_gen_go.obj
d:\cocos2dx\slotgame\cocos2d\cocos\2d\debug.win32\unzip.obj
d:\cocos2dx\slotgame\cocos2d\cocos\2d\debug.win32\ccanimate3d.obj
d:\cocos2dx\slotgame\cocos2d\cocos\2d\debug.win32\ccmesh.obj
d:\cocos2dx\slotgame\cocos2d\cocos\2d\debug.win32\ccskeleton3d.obj
d:\cocos2dx\slotgame\cocos2d\cocos\2d\debug.win32\audiocache.obj
d:\cocos2dx\slotgame\cocos2d\cocos\2d\debug.win32\audioplayer.obj
d:\cocos2dx\slotgame\cocos2d\cocos\2d\debug.win32\simpleaudioengine.obj
d:\cocos2dx\slotgame\cocos2d\cocos\2d\debug.win32\cceventlistenerfocus.obj
d:\cocos2dx\slotgame\cocos2d\cocos\2d\debug.win32\cceventmouse.obj
d:\cocos2dx\slotgame\cocos2d\cocos\2d\debug.win32\ccrandom.obj
d:\cocos2dx\slotgame\cocos2d\cocos\2d\debug.win32\ccscheduler.obj
d:\cocos2dx\slotgame\cocos2d\cocos\2d\debug.win32\ccuserdefault.obj
d:\cocos2dx\slotgame\cocos2d\cocos\2d\debug.win32\pvr.obj
d:\cocos2dx\slotgame\cocos2d\cocos\2d\debug.win32\s3tc.obj
d:\cocos2dx\slotgame\cocos2d\cocos\2d\debug.win32\tgalib.obj
d:\cocos2dx\slotgame\cocos2d\cocos\2d\debug.win32\ccdictionary.obj
d:\cocos2dx\slotgame\cocos2d\cocos\2d\debug.win32\ccbanimationmanager.obj
d:\cocos2dx\slotgame\cocos2d\cocos\2d\debug.win32\ccbsequenceproperty.obj
d:\cocos2dx\slotgame\cocos2d\cocos\2d\debug.win32\cccontrolloader.obj
d:\cocos2dx\slotgame\cocos2d\cocos\2d\debug.win32\cclayercolorloader.obj
d:\cocos2dx\slotgame\cocos2d\cocos\2d\debug.win32\ccmenuitemloader.obj
d:\cocos2dx\slotgame\cocos2d\cocos\2d\debug.win32\ccparticlesystemquadloader.obj
d:\cocos2dx\slotgame\cocos2d\cocos\2d\debug.win32\ccscrollviewloader.obj
d:\cocos2dx\slotgame\cocos2d\cocos\2d\debug.win32\ccframe.obj
d:\cocos2dx\slotgame\cocos2d\cocos\2d\debug.win32\csloader.obj
d:\cocos2dx\slotgame\cocos2d\cocos\2d\debug.win32\cccomattribute.obj
d:\cocos2dx\slotgame\cocos2d\cocos\2d\debug.win32\cccomrender.obj
d:\cocos2dx\slotgame\cocos2d\cocos\2d\debug.win32\cctransformhelp.obj
d:\cocos2dx\slotgame\cocos2d\cocos\2d\debug.win32\ccutilmath.obj
d:\cocos2dx\slotgame\cocos2d\cocos\2d\debug.win32\flatbuffersserialize.obj
d:\cocos2dx\slotgame\cocos2d\cocos\2d\debug.win32\buttonreader.obj
d:\cocos2dx\slotgame\cocos2d\cocos\2d\debug.win32\imageviewreader.obj
d:\cocos2dx\slotgame\cocos2d\cocos\2d\debug.win32\nodereaderdefine.obj
d:\cocos2dx\slotgame\cocos2d\cocos\2d\debug.win32\pageviewreader.obj
d:\cocos2dx\slotgame\cocos2d\cocos\2d\debug.win32\singlenodereader.obj
d:\cocos2dx\slotgame\cocos2d\cocos\2d\debug.win32\textbmfontreader.obj
d:\cocos2dx\slotgame\cocos2d\cocos\2d\debug.win32\ccaffinetransform.obj
d:\cocos2dx\slotgame\cocos2d\cocos\2d\debug.win32\ccgeometry.obj
d:\cocos2dx\slotgame\cocos2d\cocos\2d\debug.win32\ccvertex.obj
d:\cocos2dx\slotgame\cocos2d\cocos\2d\debug.win32\quaternion.obj
d:\cocos2dx\slotgame\cocos2d\cocos\2d\debug.win32\transformutils.obj
d:\cocos2dx\slotgame\cocos2d\cocos\2d\debug.win32\httpclient.obj
d:\cocos2dx\slotgame\cocos2d\cocos\2d\debug.win32\ccphysicscontact.obj
d:\cocos2dx\slotgame\cocos2d\cocos\2d\debug.win32\ccphysicsbodyinfo_chipmunk.obj
d:\cocos2dx\slotgame\cocos2d\cocos\2d\debug.win32\ccphysicscontactinfo_chipmunk.obj
d:\cocos2dx\slotgame\cocos2d\cocos\2d\debug.win32\ccphysicsjointinfo_chipmunk.obj
d:\cocos2dx\slotgame\cocos2d\cocos\2d\debug.win32\ccphysicsshapeinfo_chipmunk.obj
d:\cocos2dx\slotgame\cocos2d\cocos\2d\debug.win32\ccfileutils.obj
d:\cocos2dx\slotgame\cocos2d\cocos\2d\debug.win32\ccapplication-win32.obj
d:\cocos2dx\slotgame\cocos2d\cocos\2d\debug.win32\ccstdc-win32.obj
d:\cocos2dx\slotgame\cocos2d\cocos\2d\debug.win32\cccustomcommand.obj
d:\cocos2dx\slotgame\cocos2d\cocos\2d\debug.win32\ccglprogramstate.obj
d:\cocos2dx\slotgame\cocos2d\cocos\2d\debug.win32\ccprimitivecommand.obj
d:\cocos2dx\slotgame\cocos2d\cocos\2d\debug.win32\cctexturecache.obj
d:\cocos2dx\slotgame\cocos2d\cocos\2d\debug.win32\ccvertexindexbuffer.obj
d:\cocos2dx\slotgame\cocos2d\cocos\2d\debug.win32\uideprecated.obj
d:\cocos2dx\slotgame\cocos2d\cocos\2d\debug.win32\uihelper.obj
d:\cocos2dx\slotgame\cocos2d\cocos\2d\debug.win32\uilayoutcomponent.obj
d:\cocos2dx\slotgame\cocos2d\cocos\2d\debug.win32\uilayoutparameter.obj
d:\cocos2dx\slotgame\cocos2d\cocos\2d\debug.win32\uirelativebox.obj
d:\cocos2dx\slotgame\cocos2d\cocos\2d\debug.win32\uislider.obj
d:\cocos2dx\slotgame\cocos2d\cocos\2d\debug.win32\uitextfield.obj
d:\cocos2dx\slotgame\cocos2d\cocos\2d\debug.win32\ccactioncamera.obj
d:\cocos2dx\slotgame\cocos2d\cocos\2d\debug.win32\ccactiongrid.obj
d:\cocos2dx\slotgame\cocos2d\cocos\2d\debug.win32\ccactionmanager.obj
d:\cocos2dx\slotgame\cocos2d\cocos\2d\debug.win32\ccactiontiledgrid.obj
d:\cocos2dx\slotgame\cocos2d\cocos\2d\debug.win32\ccatlasnode.obj
d:\cocos2dx\slotgame\cocos2d\cocos\2d\debug.win32\cccomponentcontainer.obj
d:\cocos2dx\slotgame\cocos2d\cocos\2d\debug.win32\ccfasttmxtiledmap.obj
d:\cocos2dx\slotgame\cocos2d\cocos\2d\debug.win32\ccfontatlas.obj
d:\cocos2dx\slotgame\cocos2d\cocos\2d\debug.win32\ccfontfreetype.obj
d:\cocos2dx\slotgame\cocos2d\cocos\2d\debug.win32\cclabelatlas.obj
d:\cocos2dx\slotgame\cocos2d\cocos\2d\debug.win32\cclabelttf.obj
d:\cocos2dx\slotgame\cocos2d\cocos\2d\debug.win32\ccmenu.obj
d:\cocos2dx\slotgame\cocos2d\cocos\2d\debug.win32\ccnodegrid.obj
d:\cocos2dx\slotgame\cocos2d\cocos\2d\debug.win32\ccparticleexamples.obj
d:\cocos2dx\slotgame\cocos2d\cocos\2d\debug.win32\ccprotectednode.obj
d:\cocos2dx\slotgame\cocos2d\cocos\2d\debug.win32\ccscene.obj
d:\cocos2dx\slotgame\cocos2d\cocos\2d\debug.win32\ccspriteframecache.obj
d:\cocos2dx\slotgame\cocos2d\cocos\2d\debug.win32\cctmxobjectgroup.obj
d:\cocos2dx\slotgame\cocos2d\cocos\2d\debug.win32\cctmxxmlparser.obj
d:\cocos2dx\slotgame\cocos2d\cocos\2d\debug.win32\cctweenfunction.obj
d:\cocos2dx\slotgame\cocos2d\cocos\2d\debug.win32\assetsmanagerex.obj
d:\cocos2dx\slotgame\cocos2d\cocos\2d\debug.win32\cccontrol.obj
d:\cocos2dx\slotgame\cocos2d\cocos\2d\debug.win32\cccontrolcolourpicker.obj
d:\cocos2dx\slotgame\cocos2d\cocos\2d\debug.win32\cccontrolsaturationbrightnesspicker.obj
d:\cocos2dx\slotgame\cocos2d\cocos\2d\debug.win32\cccontrolswitch.obj
d:\cocos2dx\slotgame\cocos2d\cocos\2d\debug.win32\ccphysicsdebugnode.obj
d:\cocos2dx\slotgame\cocos2d\cocos\2d\debug.win32\convertutfwrapper.obj
d:\cocos2dx\slotgame\cocos2d\cocos\2d\debug.win32\idl_gen_cpp.obj
d:\cocos2dx\slotgame\cocos2d\cocos\2d\debug.win32\idl_gen_text.obj
d:\cocos2dx\slotgame\cocos2d\cocos\2d\debug.win32\ccanimation3d.obj
d:\cocos2dx\slotgame\cocos2d\cocos\2d\debug.win32\ccbundle3d.obj
d:\cocos2dx\slotgame\cocos2d\cocos\2d\debug.win32\ccobjloader.obj
d:\cocos2dx\slotgame\cocos2d\cocos\2d\debug.win32\audioengine.obj
d:\cocos2dx\slotgame\cocos2d\cocos\2d\debug.win32\mciplayer.obj
d:\cocos2dx\slotgame\cocos2d\cocos\2d\debug.win32\base64.obj
d:\cocos2dx\slotgame\cocos2d\cocos\2d\debug.win32\ccautoreleasepool.obj
d:\cocos2dx\slotgame\cocos2d\cocos\2d\debug.win32\ccconsole.obj
d:\cocos2dx\slotgame\cocos2d\cocos\2d\debug.win32\cceventcustom.obj
d:\cocos2dx\slotgame\cocos2d\cocos\2d\debug.win32\cceventfocus.obj
d:\cocos2dx\slotgame\cocos2d\cocos\2d\debug.win32\cceventkeyboard.obj
d:\cocos2dx\slotgame\cocos2d\cocos\2d\debug.win32\cceventlistener.obj
d:\cocos2dx\slotgame\cocos2d\cocos\2d\debug.win32\cceventlisteneracceleration.obj
d:\cocos2dx\slotgame\cocos2d\cocos\2d\debug.win32\cceventlistenerkeyboard.obj
d:\cocos2dx\slotgame\cocos2d\cocos\2d\debug.win32\cceventtouch.obj
d:\cocos2dx\slotgame\cocos2d\cocos\2d\debug.win32\ccns.obj
d:\cocos2dx\slotgame\cocos2d\cocos\2d\debug.win32\ccscriptsupport.obj
d:\cocos2dx\slotgame\cocos2d\cocos\2d\debug.win32\ccutf8.obj
d:\cocos2dx\slotgame\cocos2d\cocos\2d\debug.win32\etc1.obj
d:\cocos2dx\slotgame\cocos2d\cocos\2d\debug.win32\objectfactory.obj
d:\cocos2dx\slotgame\cocos2d\cocos\2d\debug.win32\ziputils.obj
d:\cocos2dx\slotgame\cocos2d\cocos\2d\debug.win32\ccset.obj
d:\cocos2dx\slotgame\cocos2d\cocos\2d\debug.win32\ccstring.obj
d:\cocos2dx\slotgame\cocos2d\cocos\2d\debug.win32\ccbkeyframe.obj
d:\cocos2dx\slotgame\cocos2d\cocos\2d\debug.win32\ccbreader.obj
d:\cocos2dx\slotgame\cocos2d\cocos\2d\debug.win32\cclabelttfloader.obj
d:\cocos2dx\slotgame\cocos2d\cocos\2d\debug.win32\ccmenuitemimageloader.obj
d:\cocos2dx\slotgame\cocos2d\cocos\2d\debug.win32\ccnodeloaderlibrary.obj
d:\cocos2dx\slotgame\cocos2d\cocos\2d\debug.win32\ccactiontimeline.obj
d:\cocos2dx\slotgame\cocos2d\cocos\2d\debug.win32\ccactiontimelinecache.obj
d:\cocos2dx\slotgame\cocos2d\cocos\2d\debug.win32\ccarmatureanimation.obj
d:\cocos2dx\slotgame\cocos2d\cocos\2d\debug.win32\ccarmaturedefine.obj
d:\cocos2dx\slotgame\cocos2d\cocos\2d\debug.win32\ccbatchnode.obj
d:\cocos2dx\slotgame\cocos2d\cocos\2d\debug.win32\ccdatareaderhelper.obj
d:\cocos2dx\slotgame\cocos2d\cocos\2d\debug.win32\ccinputdelegate.obj
d:\cocos2dx\slotgame\cocos2d\cocos\2d\debug.win32\ccskin.obj
d:\cocos2dx\slotgame\cocos2d\cocos\2d\debug.win32\cctween.obj
d:\cocos2dx\slotgame\cocos2d\cocos\2d\debug.win32\cocoloader.obj
d:\cocos2dx\slotgame\cocos2d\cocos\2d\debug.win32\dictionaryhelper.obj
d:\cocos2dx\slotgame\cocos2d\cocos\2d\debug.win32\triggerbase.obj
d:\cocos2dx\slotgame\cocos2d\cocos\2d\debug.win32\widgetcallbackhandlerprotocol.obj
d:\cocos2dx\slotgame\cocos2d\cocos\2d\debug.win32\gamemapreader.obj
d:\cocos2dx\slotgame\cocos2d\cocos\2d\debug.win32\loadingbarreader.obj
d:\cocos2dx\slotgame\cocos2d\cocos\2d\debug.win32\projectnodereader.obj
d:\cocos2dx\slotgame\cocos2d\cocos\2d\debug.win32\spritereader.obj
d:\cocos2dx\slotgame\cocos2d\cocos\2d\debug.win32\textreader.obj
d:\cocos2dx\slotgame\cocos2d\cocos\2d\debug.win32\vec3.obj
d:\cocos2dx\slotgame\cocos2d\cocos\2d\debug.win32\socketio.obj
d:\cocos2dx\slotgame\cocos2d\cocos\2d\debug.win32\ccphysicsshape.obj
d:\cocos2dx\slotgame\cocos2d\cocos\2d\debug.win32\ccglview.obj
d:\cocos2dx\slotgame\cocos2d\cocos\2d\debug.win32\ccthread.obj
d:\cocos2dx\slotgame\cocos2d\cocos\2d\debug.win32\ccglviewimpl-desktop.obj
d:\cocos2dx\slotgame\cocos2d\cocos\2d\debug.win32\ccglprogram.obj
d:\cocos2dx\slotgame\cocos2d\cocos\2d\debug.win32\ccglstatecache.obj
d:\cocos2dx\slotgame\cocos2d\cocos\2d\debug.win32\ccprimitive.obj
d:\cocos2dx\slotgame\cocos2d\cocos\2d\debug.win32\ccrendercommand.obj
d:\cocos2dx\slotgame\cocos2d\cocos\2d\debug.win32\ccrenderer.obj
d:\cocos2dx\slotgame\cocos2d\cocos\2d\debug.win32\ccvertexindexdata.obj
d:\cocos2dx\slotgame\cocos2d\cocos\2d\debug.win32\cocosgui.obj
d:\cocos2dx\slotgame\cocos2d\cocos\2d\debug.win32\uieditbox.obj
d:\cocos2dx\slotgame\cocos2d\cocos\2d\debug.win32\uiimageview.obj
d:\cocos2dx\slotgame\cocos2d\cocos\2d\debug.win32\uilistview.obj
d:\cocos2dx\slotgame\cocos2d\cocos\2d\debug.win32\uirichtext.obj
d:\cocos2dx\slotgame\cocos2d\cocos\2d\debug.win32\uitextbmfont.obj
d:\cocos2dx\slotgame\cocos2d\cocos\2d\debug.win32\ccaction.obj
d:\cocos2dx\slotgame\cocos2d\cocos\2d\debug.win32\ccactionease.obj
d:\cocos2dx\slotgame\cocos2d\cocos\2d\debug.win32\ccactioninterval.obj
d:\cocos2dx\slotgame\cocos2d\cocos\2d\debug.win32\ccanimationcache.obj
d:\cocos2dx\slotgame\cocos2d\cocos\2d\debug.win32\ccclippingrectanglenode.obj
d:\cocos2dx\slotgame\cocos2d\cocos\2d\debug.win32\ccfasttmxlayer.obj
d:\cocos2dx\slotgame\cocos2d\cocos\2d\debug.win32\ccfontfnt.obj
d:\cocos2dx\slotgame\cocos2d\cocos\2d\debug.win32\cclabel.obj
d:\cocos2dx\slotgame\cocos2d\cocos\2d\debug.win32\ccmotionstreak.obj
d:\cocos2dx\slotgame\cocos2d\cocos\2d\debug.win32\ccparticlebatchnode.obj
d:\cocos2dx\slotgame\cocos2d\cocos\2d\debug.win32\ccprogresstimer.obj
d:\cocos2dx\slotgame\cocos2d\cocos\2d\debug.win32\ccsprite.obj
d:\cocos2dx\slotgame\cocos2d\cocos\2d\debug.win32\cctilemapatlas.obj
d:\cocos2dx\slotgame\cocos2d\cocos\2d\debug.win32\cctransition.obj
d:\cocos2dx\slotgame\cocos2d\cocos\2d\debug.win32\cceventlistenerassetsmanagerex.obj
d:\cocos2dx\slotgame\cocos2d\cocos\2d\debug.win32\cccontrolpotentiometer.obj
d:\cocos2dx\slotgame\cocos2d\cocos\2d\debug.win32\cccontrolstepper.obj
d:\cocos2dx\slotgame\cocos2d\cocos\2d\debug.win32\ccscrollview.obj
d:\cocos2dx\slotgame\cocos2d\cocos\2d\debug.win32\idl_gen_fbs.obj
d:\cocos2dx\slotgame\cocos2d\cocos\2d\debug.win32\idl_parser.obj
d:\cocos2dx\slotgame\cocos2d\cocos\2d\debug.win32\ccattachnode.obj
d:\cocos2dx\slotgame\cocos2d\cocos\2d\debug.win32\ccbundlereader.obj
d:\cocos2dx\slotgame\cocos2d\cocos\2d\debug.win32\ccmeshvertexindexdata.obj
d:\cocos2dx\slotgame\cocos2d\cocos\2d\debug.win32\ccsprite3d.obj
d:\cocos2dx\slotgame\cocos2d\cocos\2d\debug.win32\cccarray.obj
d:\cocos2dx\slotgame\cocos2d\cocos\2d\debug.win32\ccdata.obj
d:\cocos2dx\slotgame\cocos2d\cocos\2d\debug.win32\ccdirector.obj
d:\cocos2dx\slotgame\cocos2d\cocos\2d\debug.win32\cceventlistenertouch.obj
d:\cocos2dx\slotgame\cocos2d\cocos\2d\debug.win32\ccprofiling.obj
d:\cocos2dx\slotgame\cocos2d\cocos\2d\debug.win32\cctouch.obj
d:\cocos2dx\slotgame\cocos2d\cocos\2d\debug.win32\ccutils.obj
d:\cocos2dx\slotgame\cocos2d\cocos\2d\debug.win32\ccdeprecated.obj
d:\cocos2dx\slotgame\cocos2d\cocos\2d\debug.win32\cclabelbmfontloader.obj
d:\cocos2dx\slotgame\cocos2d\cocos\2d\debug.win32\cclayerloader.obj
d:\cocos2dx\slotgame\cocos2d\cocos\2d\debug.win32\ccnodeloader.obj
d:\cocos2dx\slotgame\cocos2d\cocos\2d\debug.win32\ccnodereader.obj
d:\cocos2dx\slotgame\cocos2d\cocos\2d\debug.win32\ccarmature.obj
d:\cocos2dx\slotgame\cocos2d\cocos\2d\debug.win32\ccbone.obj
d:\cocos2dx\slotgame\cocos2d\cocos\2d\debug.win32\cccomcontroller.obj
d:\cocos2dx\slotgame\cocos2d\cocos\2d\debug.win32\ccdecorativedisplay.obj
d:\cocos2dx\slotgame\cocos2d\cocos\2d\debug.win32\ccdisplayfactory.obj
d:\cocos2dx\slotgame\cocos2d\cocos\2d\debug.win32\ccprocessbase.obj
d:\cocos2dx\slotgame\cocos2d\cocos\2d\debug.win32\ccspriteframecachehelper.obj
d:\cocos2dx\slotgame\cocos2d\cocos\2d\debug.win32\ccsscenereader.obj
d:\cocos2dx\slotgame\cocos2d\cocos\2d\debug.win32\triggerobj.obj
d:\cocos2dx\slotgame\cocos2d\cocos\2d\debug.win32\comaudioreader.obj
d:\cocos2dx\slotgame\cocos2d\cocos\2d\debug.win32\listviewreader.obj
d:\cocos2dx\slotgame\cocos2d\cocos\2d\debug.win32\particlereader.obj
d:\cocos2dx\slotgame\cocos2d\cocos\2d\debug.win32\sliderreader.obj
d:\cocos2dx\slotgame\cocos2d\cocos\2d\debug.win32\textfieldreader.obj
d:\cocos2dx\slotgame\cocos2d\cocos\2d\debug.win32\mat4.obj
d:\cocos2dx\slotgame\cocos2d\cocos\2d\debug.win32\mathutil.obj
d:\cocos2dx\slotgame\cocos2d\cocos\2d\debug.win32\vec2.obj
d:\cocos2dx\slotgame\cocos2d\cocos\2d\debug.win32\vec4.obj
d:\cocos2dx\slotgame\cocos2d\cocos\2d\debug.win32\websocket.obj
d:\cocos2dx\slotgame\cocos2d\cocos\2d\debug.win32\ccphysicsjoint.obj
d:\cocos2dx\slotgame\cocos2d\cocos\2d\debug.win32\ccphysicsworldinfo_chipmunk.obj
d:\cocos2dx\slotgame\cocos2d\cocos\2d\debug.win32\ccimage.obj
d:\cocos2dx\slotgame\cocos2d\cocos\2d\debug.win32\ccdevice-win32.obj
d:\cocos2dx\slotgame\cocos2d\cocos\2d\debug.win32\ccbatchcommand.obj
d:\cocos2dx\slotgame\cocos2d\cocos\2d\debug.win32\ccglprogramstatecache.obj
d:\cocos2dx\slotgame\cocos2d\cocos\2d\debug.win32\ccmeshcommand.obj
d:\cocos2dx\slotgame\cocos2d\cocos\2d\debug.win32\cctextureatlas.obj
d:\cocos2dx\slotgame\cocos2d\cocos\2d\debug.win32\localstorage.obj
d:\cocos2dx\slotgame\cocos2d\cocos\2d\debug.win32\uibutton.obj
d:\cocos2dx\slotgame\cocos2d\cocos\2d\debug.win32\uihbox.obj
d:\cocos2dx\slotgame\cocos2d\cocos\2d\debug.win32\uilayout.obj
d:\cocos2dx\slotgame\cocos2d\cocos\2d\debug.win32\uipageview.obj
d:\cocos2dx\slotgame\cocos2d\cocos\2d\debug.win32\uiscrollview.obj
d:\cocos2dx\slotgame\cocos2d\cocos\2d\debug.win32\uitextatlas.obj
d:\cocos2dx\slotgame\cocos2d\cocos\2d\debug.win32\uiwebview.obj
d:\cocos2dx\slotgame\cocos2d\cocos\2d\debug.win32\uiwidget.obj
d:\cocos2dx\slotgame\cocos2d\cocos\2d\debug.win32\ccactiongrid3d.obj
d:\cocos2dx\slotgame\cocos2d\cocos\2d\debug.win32\ccactionpageturn3d.obj
d:\cocos2dx\slotgame\cocos2d\cocos\2d\debug.win32\ccactiontween.obj
d:\cocos2dx\slotgame\cocos2d\cocos\2d\debug.win32\cccamera.obj
d:\cocos2dx\slotgame\cocos2d\cocos\2d\debug.win32\cccomponent.obj
d:\cocos2dx\slotgame\cocos2d\cocos\2d\debug.win32\ccdrawnode.obj
d:\cocos2dx\slotgame\cocos2d\cocos\2d\debug.win32\ccfontatlascache.obj
d:\cocos2dx\slotgame\cocos2d\cocos\2d\debug.win32\ccgrid.obj
d:\cocos2dx\slotgame\cocos2d\cocos\2d\debug.win32\cclabeltextformatter.obj
d:\cocos2dx\slotgame\cocos2d\cocos\2d\debug.win32\cclight.obj
d:\cocos2dx\slotgame\cocos2d\cocos\2d\debug.win32\ccmenuitem.obj
d:\cocos2dx\slotgame\cocos2d\cocos\2d\debug.win32\ccparallaxnode.obj
d:\cocos2dx\slotgame\cocos2d\cocos\2d\debug.win32\ccparticlesystem.obj
d:\cocos2dx\slotgame\cocos2d\cocos\2d\debug.win32\ccrendertexture.obj
d:\cocos2dx\slotgame\cocos2d\cocos\2d\debug.win32\ccspriteframe.obj
d:\cocos2dx\slotgame\cocos2d\cocos\2d\debug.win32\cctmxlayer.obj
d:\cocos2dx\slotgame\cocos2d\cocos\2d\debug.win32\cctransitionpageturn.obj
d:\cocos2dx\slotgame\cocos2d\cocos\2d\debug.win32\cceventassetsmanagerex.obj
d:\cocos2dx\slotgame\cocos2d\cocos\2d\debug.win32\manifest.obj
d:\cocos2dx\slotgame\cocos2d\cocos\2d\debug.win32\cccontrolbutton.obj
d:\cocos2dx\slotgame\cocos2d\cocos\2d\debug.win32\cccontrolhuepicker.obj
d:\cocos2dx\slotgame\cocos2d\cocos\2d\debug.win32\cccontrolslider.obj
d:\cocos2dx\slotgame\cocos2d\cocos\2d\debug.win32\ccinvocation.obj
d:\cocos2dx\slotgame\cocos2d\cocos\2d\debug.win32\cctableviewcell.obj
d:\cocos2dx\slotgame\cocos2d\cocos\2d\debug.win32\ccphysicssprite.obj
d:\cocos2dx\slotgame\cocos2d\cocos\2d\debug.win32\idl_gen_general.obj
d:\cocos2dx\slotgame\cocos2d\cocos\2d\debug.win32\tinyxml2.obj
d:\cocos2dx\slotgame\cocos2d\cocos\2d\debug.win32\ioapi_mem.obj
d:\cocos2dx\slotgame\cocos2d\cocos\2d\debug.win32\ioapi.obj
d:\cocos2dx\slotgame\cocos2d\cocos\2d\debug.win32\xxhash.obj
d:\cocos2dx\slotgame\cocos2d\cocos\2d\debug.win32\ccaabb.obj
d:\cocos2dx\slotgame\cocos2d\cocos\2d\debug.win32\ccbillboard.obj
d:\cocos2dx\slotgame\cocos2d\cocos\2d\debug.win32\ccmeshskin.obj
d:\cocos2dx\slotgame\cocos2d\cocos\2d\debug.win32\ccobb.obj
d:\cocos2dx\slotgame\cocos2d\cocos\2d\debug.win32\ccray.obj
d:\cocos2dx\slotgame\cocos2d\cocos\2d\debug.win32\ccsprite3dmaterial.obj
d:\cocos2dx\slotgame\cocos2d\cocos\2d\debug.win32\audioengine-win32.obj
d:\cocos2dx\slotgame\cocos2d\cocos\2d\debug.win32\atitc.obj
d:\cocos2dx\slotgame\cocos2d\cocos\2d\debug.win32\ccconfiguration.obj
d:\cocos2dx\slotgame\cocos2d\cocos\2d\debug.win32\ccdatavisitor.obj
d:\cocos2dx\slotgame\cocos2d\cocos\2d\debug.win32\ccevent.obj
d:\cocos2dx\slotgame\cocos2d\cocos\2d\debug.win32\cceventacceleration.obj
d:\cocos2dx\slotgame\cocos2d\cocos\2d\debug.win32\cceventdispatcher.obj
d:\cocos2dx\slotgame\cocos2d\cocos\2d\debug.win32\cceventlistenercustom.obj
d:\cocos2dx\slotgame\cocos2d\cocos\2d\debug.win32\cceventlistenermouse.obj
d:\cocos2dx\slotgame\cocos2d\cocos\2d\debug.win32\ccfpsimages.obj
d:\cocos2dx\slotgame\cocos2d\cocos\2d\debug.win32\ccimedispatcher.obj
d:\cocos2dx\slotgame\cocos2d\cocos\2d\debug.win32\ccref.obj
d:\cocos2dx\slotgame\cocos2d\cocos\2d\debug.win32\cctypes.obj
d:\cocos2dx\slotgame\cocos2d\cocos\2d\debug.win32\ccvalue.obj
d:\cocos2dx\slotgame\cocos2d\cocos\2d\debug.win32\cocos2d.obj
d:\cocos2dx\slotgame\cocos2d\cocos\2d\debug.win32\ccarray.obj
d:\cocos2dx\slotgame\cocos2d\cocos\2d\debug.win32\ccnotificationcenter.obj
d:\cocos2dx\slotgame\cocos2d\cocos\2d\debug.win32\ccbfileloader.obj
d:\cocos2dx\slotgame\cocos2d\cocos\2d\debug.win32\ccbsequence.obj
d:\cocos2dx\slotgame\cocos2d\cocos\2d\debug.win32\cccontrolbuttonloader.obj
d:\cocos2dx\slotgame\cocos2d\cocos\2d\debug.win32\cclayergradientloader.obj
d:\cocos2dx\slotgame\cocos2d\cocos\2d\debug.win32\ccnode+ccbrelativepositioning.obj
d:\cocos2dx\slotgame\cocos2d\cocos\2d\debug.win32\ccscale9spriteloader.obj
d:\cocos2dx\slotgame\cocos2d\cocos\2d\debug.win32\ccspriteloader.obj
d:\cocos2dx\slotgame\cocos2d\cocos\2d\debug.win32\cctimeline.obj
d:\cocos2dx\slotgame\cocos2d\cocos\2d\debug.win32\ccactionframe.obj
d:\cocos2dx\slotgame\cocos2d\cocos\2d\debug.win32\ccactionframeeasing.obj
d:\cocos2dx\slotgame\cocos2d\cocos\2d\debug.win32\ccactionmanagerex.obj
d:\cocos2dx\slotgame\cocos2d\cocos\2d\debug.win32\ccactionnode.obj
d:\cocos2dx\slotgame\cocos2d\cocos\2d\debug.win32\ccactionobject.obj
d:\cocos2dx\slotgame\cocos2d\cocos\2d\debug.win32\ccarmaturedatamanager.obj
d:\cocos2dx\slotgame\cocos2d\cocos\2d\debug.win32\cccolliderdetector.obj
d:\cocos2dx\slotgame\cocos2d\cocos\2d\debug.win32\cccomaudio.obj
d:\cocos2dx\slotgame\cocos2d\cocos\2d\debug.win32\ccdatas.obj
d:\cocos2dx\slotgame\cocos2d\cocos\2d\debug.win32\ccdisplaymanager.obj
d:\cocos2dx\slotgame\cocos2d\cocos\2d\debug.win32\ccsguireader.obj
d:\cocos2dx\slotgame\cocos2d\cocos\2d\debug.win32\triggermng.obj
d:\cocos2dx\slotgame\cocos2d\cocos\2d\debug.win32\checkboxreader.obj
d:\cocos2dx\slotgame\cocos2d\cocos\2d\debug.win32\layoutreader.obj
d:\cocos2dx\slotgame\cocos2d\cocos\2d\debug.win32\nodereaderprotocol.obj
d:\cocos2dx\slotgame\cocos2d\cocos\2d\debug.win32\nodereader.obj
d:\cocos2dx\slotgame\cocos2d\cocos\2d\debug.win32\scrollviewreader.obj
d:\cocos2dx\slotgame\cocos2d\cocos\2d\debug.win32\textatlasreader.obj
d:\cocos2dx\slotgame\cocos2d\cocos\2d\debug.win32\widgetreader.obj
d:\cocos2dx\slotgame\cocos2d\cocos\2d\debug.win32\ccphysicsbody.obj
d:\cocos2dx\slotgame\cocos2d\cocos\2d\debug.win32\ccphysicsworld.obj
d:\cocos2dx\slotgame\cocos2d\cocos\2d\debug.win32\ccsaxparser.obj
d:\cocos2dx\slotgame\cocos2d\cocos\2d\debug.win32\cccommon-win32.obj
d:\cocos2dx\slotgame\cocos2d\cocos\2d\debug.win32\ccfileutils-win32.obj
d:\cocos2dx\slotgame\cocos2d\cocos\2d\debug.win32\ccglprogramcache.obj
d:\cocos2dx\slotgame\cocos2d\cocos\2d\debug.win32\ccgroupcommand.obj
d:\cocos2dx\slotgame\cocos2d\cocos\2d\debug.win32\ccquadcommand.obj
d:\cocos2dx\slotgame\cocos2d\cocos\2d\debug.win32\ccshaders.obj
d:\cocos2dx\slotgame\cocos2d\cocos\2d\debug.win32\cctexture2d.obj
d:\cocos2dx\slotgame\cocos2d\cocos\2d\debug.win32\cctrianglescommand.obj
d:\cocos2dx\slotgame\cocos2d\cocos\2d\debug.win32\uicheckbox.obj
d:\cocos2dx\slotgame\cocos2d\cocos\2d\debug.win32\uieditboximpl-win32.obj
d:\cocos2dx\slotgame\cocos2d\cocos\2d\debug.win32\uilayoutmanager.obj
d:\cocos2dx\slotgame\cocos2d\cocos\2d\debug.win32\uiloadingbar.obj
d:\cocos2dx\slotgame\cocos2d\cocos\2d\debug.win32\uiscale9sprite.obj
d:\cocos2dx\slotgame\cocos2d\cocos\2d\debug.win32\uitext.obj
d:\cocos2dx\slotgame\cocos2d\cocos\2d\debug.win32\uivbox.obj
d:\cocos2dx\slotgame\cocos2d\cocos\2d\debug.win32\ccactioncatmullrom.obj
d:\cocos2dx\slotgame\cocos2d\cocos\2d\debug.win32\ccactioninstant.obj
d:\cocos2dx\slotgame\cocos2d\cocos\2d\debug.win32\ccactionprogresstimer.obj
d:\cocos2dx\slotgame\cocos2d\cocos\2d\debug.win32\ccanimation.obj
d:\cocos2dx\slotgame\cocos2d\cocos\2d\debug.win32\ccclippingnode.obj
d:\cocos2dx\slotgame\cocos2d\cocos\2d\debug.win32\ccdrawingprimitives.obj
d:\cocos2dx\slotgame\cocos2d\cocos\2d\debug.win32\ccfont.obj
d:\cocos2dx\slotgame\cocos2d\cocos\2d\debug.win32\ccfontcharmap.obj
d:\cocos2dx\slotgame\cocos2d\cocos\2d\debug.win32\ccglbufferednode.obj
d:\cocos2dx\slotgame\cocos2d\cocos\2d\debug.win32\ccgrabber.obj
d:\cocos2dx\slotgame\cocos2d\cocos\2d\debug.win32\cclabelbmfont.obj
d:\cocos2dx\slotgame\cocos2d\cocos\2d\debug.win32\cclayer.obj
d:\cocos2dx\slotgame\cocos2d\cocos\2d\debug.win32\ccnode.obj
d:\cocos2dx\slotgame\cocos2d\cocos\2d\debug.win32\ccparticlesystemquad.obj
d:\cocos2dx\slotgame\cocos2d\cocos\2d\debug.win32\ccspritebatchnode.obj
d:\cocos2dx\slotgame\cocos2d\cocos\2d\debug.win32\cctextfieldttf.obj
d:\cocos2dx\slotgame\cocos2d\cocos\2d\debug.win32\cctmxtiledmap.obj
d:\cocos2dx\slotgame\cocos2d\cocos\2d\debug.win32\cctransitionprogress.obj
d:\cocos2dx\slotgame\proj.win32\debug.win32\libcocos2d.lib
d:\cocos2dx\slotgame\proj.win32\debug.win32\libcocos2d.exp
d:\cocos2dx\slotgame\proj.win32\debug.win32\libcocos2d.dll
d:\cocos2dx\slotgame\proj.win32\debug.win32\libcocos2d.pdb
d:\cocos2dx\slotgame\cocos2d\cocos\2d\debug.win32\libcocos2d.tlog\cl.command.1.tlog
d:\cocos2dx\slotgame\cocos2d\cocos\2d\debug.win32\libcocos2d.tlog\cl.read.1.tlog
d:\cocos2dx\slotgame\cocos2d\cocos\2d\debug.win32\libcocos2d.tlog\cl.write.1.tlog
d:\cocos2dx\slotgame\cocos2d\cocos\2d\debug.win32\libcocos2d.tlog\libcocos2d.write.1u.tlog
d:\cocos2dx\slotgame\cocos2d\cocos\2d\debug.win32\libcocos2d.tlog\link.command.1.tlog
d:\cocos2dx\slotgame\cocos2d\cocos\2d\debug.win32\libcocos2d.tlog\link.read.1.tlog
d:\cocos2dx\slotgame\cocos2d\cocos\2d\debug.win32\libcocos2d.tlog\link.write.1.tlog
