d:\cocos2dx\slotgame\cocos2d\cocos\editor-support\spine\proj.win32\debug.win32\vc120.pdb
d:\cocos2dx\slotgame\cocos2d\cocos\editor-support\spine\proj.win32\debug.win32\skeletonrenderer.obj
d:\cocos2dx\slotgame\cocos2d\cocos\editor-support\spine\proj.win32\debug.win32\polygonbatch.obj
d:\cocos2dx\slotgame\cocos2d\cocos\editor-support\spine\proj.win32\debug.win32\spine-cocos2dx.obj
d:\cocos2dx\slotgame\cocos2d\cocos\editor-support\spine\proj.win32\debug.win32\skeletonanimation.obj
d:\cocos2dx\slotgame\proj.win32\debug.win32\libspine.lib
d:\cocos2dx\slotgame\cocos2d\cocos\editor-support\spine\proj.win32\debug.win32\animation.obj
d:\cocos2dx\slotgame\cocos2d\cocos\editor-support\spine\proj.win32\debug.win32\animationstate.obj
d:\cocos2dx\slotgame\cocos2d\cocos\editor-support\spine\proj.win32\debug.win32\animationstatedata.obj
d:\cocos2dx\slotgame\cocos2d\cocos\editor-support\spine\proj.win32\debug.win32\atlas.obj
d:\cocos2dx\slotgame\cocos2d\cocos\editor-support\spine\proj.win32\debug.win32\atlasattachmentloader.obj
d:\cocos2dx\slotgame\cocos2d\cocos\editor-support\spine\proj.win32\debug.win32\attachment.obj
d:\cocos2dx\slotgame\cocos2d\cocos\editor-support\spine\proj.win32\debug.win32\attachmentloader.obj
d:\cocos2dx\slotgame\cocos2d\cocos\editor-support\spine\proj.win32\debug.win32\bone.obj
d:\cocos2dx\slotgame\cocos2d\cocos\editor-support\spine\proj.win32\debug.win32\bonedata.obj
d:\cocos2dx\slotgame\cocos2d\cocos\editor-support\spine\proj.win32\debug.win32\boundingboxattachment.obj
d:\cocos2dx\slotgame\cocos2d\cocos\editor-support\spine\proj.win32\debug.win32\event.obj
d:\cocos2dx\slotgame\cocos2d\cocos\editor-support\spine\proj.win32\debug.win32\eventdata.obj
d:\cocos2dx\slotgame\cocos2d\cocos\editor-support\spine\proj.win32\debug.win32\extension.obj
d:\cocos2dx\slotgame\cocos2d\cocos\editor-support\spine\proj.win32\debug.win32\ikconstraint.obj
d:\cocos2dx\slotgame\cocos2d\cocos\editor-support\spine\proj.win32\debug.win32\ikconstraintdata.obj
d:\cocos2dx\slotgame\cocos2d\cocos\editor-support\spine\proj.win32\debug.win32\json.obj
d:\cocos2dx\slotgame\cocos2d\cocos\editor-support\spine\proj.win32\debug.win32\meshattachment.obj
d:\cocos2dx\slotgame\cocos2d\cocos\editor-support\spine\proj.win32\debug.win32\regionattachment.obj
d:\cocos2dx\slotgame\cocos2d\cocos\editor-support\spine\proj.win32\debug.win32\skeleton.obj
d:\cocos2dx\slotgame\cocos2d\cocos\editor-support\spine\proj.win32\debug.win32\skeletonbounds.obj
d:\cocos2dx\slotgame\cocos2d\cocos\editor-support\spine\proj.win32\debug.win32\skeletondata.obj
d:\cocos2dx\slotgame\cocos2d\cocos\editor-support\spine\proj.win32\debug.win32\skeletonjson.obj
d:\cocos2dx\slotgame\cocos2d\cocos\editor-support\spine\proj.win32\debug.win32\skin.obj
d:\cocos2dx\slotgame\cocos2d\cocos\editor-support\spine\proj.win32\debug.win32\skinnedmeshattachment.obj
d:\cocos2dx\slotgame\cocos2d\cocos\editor-support\spine\proj.win32\debug.win32\slot.obj
d:\cocos2dx\slotgame\cocos2d\cocos\editor-support\spine\proj.win32\debug.win32\slotdata.obj
d:\cocos2dx\slotgame\cocos2d\cocos\editor-support\spine\proj.win32\debug.win32\libspine.tlog\cl.command.1.tlog
d:\cocos2dx\slotgame\cocos2d\cocos\editor-support\spine\proj.win32\debug.win32\libspine.tlog\cl.read.1.tlog
d:\cocos2dx\slotgame\cocos2d\cocos\editor-support\spine\proj.win32\debug.win32\libspine.tlog\cl.write.1.tlog
d:\cocos2dx\slotgame\cocos2d\cocos\editor-support\spine\proj.win32\debug.win32\libspine.tlog\lib-link.write.1.tlog
d:\cocos2dx\slotgame\cocos2d\cocos\editor-support\spine\proj.win32\debug.win32\libspine.tlog\lib.command.1.tlog
d:\cocos2dx\slotgame\cocos2d\cocos\editor-support\spine\proj.win32\debug.win32\libspine.tlog\lib.read.1.tlog
